Arguments: 
  C:\Program Files\nodejs\node.exe C:\Users\Rased\AppData\Roaming\npm\node_modules\yarn\bin\yarn.js add --exact --cwd C:\projects\milestone-13-Intermediate-Level-React\module-77\explore-next-js-rsd react react-dom next

PATH: 
  C:\Users\Rased\AppData\Roaming\npm-cache\_npx\6616;C:\WINDOWS\system32;C:\WINDOWS;C:\WINDOWS\System32\Wbem;C:\WINDOWS\System32\WindowsPowerShell\v1.0\;C:\WINDOWS\System32\OpenSSH\;C:\Program Files\nodejs\;C:\Program Files\Git\cmd;C:\Users\Rased\AppData\Local\Microsoft\WindowsApps;;C:\Users\Rased\AppData\Roaming\npm;C:\Users\Rased\AppData\Local\Programs\Microsoft VS Code\bin;C:\Program Files\heroku\bin

Yarn version: 
  1.22.17

Node version: 
  14.17.1

Platform: 
  win32 x64

Trace: 
  Error: ENOENT: no such file or directory, open 'C:\Users\Rased\AppData\Local\Yarn\Cache\v6\npm-@next-swc-win32-x64-msvc-12.0.4-acb9ffb17118b797d8c76dd688dd0aec5fa65cd4-integrity\node_modules\@next\swc-win32-x64-msvc\.yarn-metadata.json'

npm manifest: 
  {
    "name": "explore-next-js-rsd",
    "private": true,
    "scripts": {
      "dev": "next dev",
      "build": "next build",
      "start": "next start",
      "lint": "next lint"
    }
  }

yarn manifest: 
  No manifest

Lockfile: 
  No lockfile
